[{"line":1,"elements":[{"start_timestamp":"2022-11-12T14:48:48.410Z","before":[{"result":{"duration":2424865900,"status":"passed"},"match":{"location":"com.juaracoding.cucumber.step_definitions.Hooks.setUp()"}}],"line":3,"name":"User invalid login","description":"","id":"login-user;user-invalid-login","after":[{"result":{"duration":479276700,"status":"passed"},"match":{"location":"com.juaracoding.cucumber.step_definitions.Hooks.closeObject()"}}],"type":"scenario","keyword":"Scenario","steps":[{"result":{"duration":76868118800,"status":"passed"},"line":4,"name":"User go to Web HRM","match":{"location":"com.juaracoding.cucumber.step_definitions.TestLogin.user_go_to_Web_HRM()"},"after":[{"result":{"duration":4998300,"status":"passed"},"match":{"location":"com.juaracoding.cucumber.step_definitions.Hooks.getResultStatus(io.cucumber.java.Scenario)"}}],"keyword":"When "},{"result":{"duration":1446505200,"status":"passed"},"line":5,"name":"User enter username password invalid","match":{"location":"com.juaracoding.cucumber.step_definitions.TestLogin.user_enter_username_password_invalid()"},"after":[{"result":{"status":"passed"},"match":{"location":"com.juaracoding.cucumber.step_definitions.Hooks.getResultStatus(io.cucumber.java.Scenario)"}}],"keyword":"And "},{"result":{"duration":102941500,"status":"passed"},"line":6,"name":"User click button login","match":{"location":"com.juaracoding.cucumber.step_definitions.TestLogin.user_click_button_login()"},"after":[{"result":{"duration":999100,"status":"passed"},"match":{"location":"com.juaracoding.cucumber.step_definitions.Hooks.getResultStatus(io.cucumber.java.Scenario)"}}],"keyword":"And "},{"result":{"duration":6039768200,"status":"passed"},"line":7,"name":"User invalid credentials","match":{"location":"com.juaracoding.cucumber.step_definitions.TestLogin.user_invalid_credentials()"},"after":[{"result":{"duration":980700,"status":"passed"},"match":{"location":"com.juaracoding.cucumber.step_definitions.Hooks.getResultStatus(io.cucumber.java.Scenario)"}}],"keyword":"Then "}]},{"start_timestamp":"2022-11-12T14:50:15.836Z","before":[{"result":{"status":"passed"},"match":{"location":"com.juaracoding.cucumber.step_definitions.Hooks.setUp()"}}],"line":9,"name":"User valid login","description":"","id":"login-user;user-valid-login","after":[{"result":{"duration":75956200,"status":"passed"},"match":{"location":"com.juaracoding.cucumber.step_definitions.Hooks.closeObject()"}}],"type":"scenario","keyword":"Scenario","steps":[{"result":{"duration":250855700,"status":"passed"},"line":10,"name":"User enter username password valid","match":{"location":"com.juaracoding.cucumber.step_definitions.TestLogin.user_enter_username_password_valid()"},"after":[{"result":{"status":"passed"},"match":{"location":"com.juaracoding.cucumber.step_definitions.Hooks.getResultStatus(io.cucumber.java.Scenario)"}}],"keyword":"When "},{"result":{"duration":78955900,"status":"passed"},"line":11,"name":"User click button login valid","match":{"location":"com.juaracoding.cucumber.step_definitions.TestLogin.user_click_button_login_valid()"},"after":[{"result":{"status":"passed"},"match":{"location":"com.juaracoding.cucumber.step_definitions.Hooks.getResultStatus(io.cucumber.java.Scenario)"}}],"keyword":"And "},{"result":{"error_message":"org.openqa.selenium.NoSuchElementException: no such element: Unable to locate element: {\"method\":\"xpath\",\"selector\":\"//*[@id=\"app\"]/div[1]/div[2]/div[2]/div/div[1]/div[1]/div[1]/h5\"}\n  (Session info: chrome=107.0.5304.107)\nFor documentation on this error, please visit: https://www.seleniumhq.org/exceptions/no_such_element.html\nBuild info: version: '3.141.59', revision: 'e82be7d358', time: '2018-11-14T08:17:03'\nSystem info: host: 'DESKTOP-IMJ0REM', ip: '192.168.43.120', os.name: 'Windows 10', os.arch: 'amd64', os.version: '10.0', java.version: '11.0.17'\nDriver info: org.openqa.selenium.chrome.ChromeDriver\nCapabilities {acceptInsecureCerts: false, browserName: chrome, browserVersion: 107.0.5304.107, chrome: {chromedriverVersion: 107.0.5304.62 (1eec40d3a576..., userDataDir: C:\\Users\\WINDOW~1\\AppData\\L...}, goog:chromeOptions: {debuggerAddress: localhost:50698}, javascriptEnabled: true, networkConnectionEnabled: false, pageLoadStrategy: normal, platform: WINDOWS, platformName: WINDOWS, proxy: Proxy(), setWindowRect: true, strictFileInteractability: false, timeouts: {implicit: 0, pageLoad: 300000, script: 30000}, unhandledPromptBehavior: dismiss and notify, webauthn:extension:credBlob: true, webauthn:extension:largeBlob: true, webauthn:virtualAuthenticators: true}\nSession ID: 94c7044fc3ca7d57a8a3e1bb141138ec\n*** Element info: {Using=xpath, value=//*[@id=\"app\"]/div[1]/div[2]/div[2]/div/div[1]/div[1]/div[1]/h5}\r\n\tat java.base/jdk.internal.reflect.NativeConstructorAccessorImpl.newInstance0(Native Method)\r\n\tat java.base/jdk.internal.reflect.NativeConstructorAccessorImpl.newInstance(NativeConstructorAccessorImpl.java:62)\r\n\tat java.base/jdk.internal.reflect.DelegatingConstructorAccessorImpl.newInstance(DelegatingConstructorAccessorImpl.java:45)\r\n\tat java.base/java.lang.reflect.Constructor.newInstance(Constructor.java:490)\r\n\tat org.openqa.selenium.remote.http.W3CHttpResponseCodec.createException(W3CHttpResponseCodec.java:187)\r\n\tat org.openqa.selenium.remote.http.W3CHttpResponseCodec.decode(W3CHttpResponseCodec.java:122)\r\n\tat org.openqa.selenium.remote.http.W3CHttpResponseCodec.decode(W3CHttpResponseCodec.java:49)\r\n\tat org.openqa.selenium.remote.HttpCommandExecutor.execute(HttpCommandExecutor.java:158)\r\n\tat org.openqa.selenium.remote.service.DriverCommandExecutor.execute(DriverCommandExecutor.java:83)\r\n\tat org.openqa.selenium.remote.RemoteWebDriver.execute(RemoteWebDriver.java:552)\r\n\tat org.openqa.selenium.remote.RemoteWebDriver.findElement(RemoteWebDriver.java:323)\r\n\tat org.openqa.selenium.remote.RemoteWebDriver.findElementByXPath(RemoteWebDriver.java:428)\r\n\tat org.openqa.selenium.By$ByXPath.findElement(By.java:353)\r\n\tat org.openqa.selenium.remote.RemoteWebDriver.findElement(RemoteWebDriver.java:315)\r\n\tat org.openqa.selenium.support.pagefactory.DefaultElementLocator.findElement(DefaultElementLocator.java:69)\r\n\tat org.openqa.selenium.support.pagefactory.internal.LocatingElementHandler.invoke(LocatingElementHandler.java:38)\r\n\tat com.sun.proxy.$Proxy25.getText(Unknown Source)\r\n\tat juara.coding.drivers.pages.Login.getTxtEmployeeInformation(Login.java:47)\r\n\tat com.juaracoding.cucumber.step_definitions.TestLogin.user_valid_credentials(TestLogin.java:67)\r\n\tat ✽.User valid credentials(file:///C:/Users/Windows%2010/IdeaProjects/BramantyoPostTest24/src/main/resources/features/01.Login.feature:12)\r\n","duration":12416266000,"status":"failed"},"line":12,"name":"User valid credentials","match":{"location":"com.juaracoding.cucumber.step_definitions.TestLogin.user_valid_credentials()"},"after":[{"result":{"duration":176834600,"status":"passed"},"match":{"location":"com.juaracoding.cucumber.step_definitions.Hooks.getResultStatus(io.cucumber.java.Scenario)"}}],"keyword":"Then "}]}],"name":"Login User","description":"","id":"login-user","keyword":"Feature","uri":"file:src/main/resources/features/01.Login.feature","tags":[]},{"line":1,"elements":[{"start_timestamp":"2022-11-12T14:50:28.889Z","before":[{"result":{"duration":999900,"status":"passed"},"match":{"location":"com.juaracoding.cucumber.step_definitions.Hooks.setUp()"}}],"line":3,"name":"Dashboard user function","description":"","id":"dashboard-user;dashboard-user-function","after":[{"result":{"duration":114933800,"status":"passed"},"match":{"location":"com.juaracoding.cucumber.step_definitions.Hooks.closeObject()"}}],"type":"scenario","keyword":"Scenario","steps":[{"result":{"duration":1052802600,"status":"passed"},"line":4,"name":"User click menu Dashboard","match":{"location":"com.juaracoding.cucumber.step_definitions.TestDashboard.user_click_menu_dashboard()"},"after":[{"result":{"status":"passed"},"match":{"location":"com.juaracoding.cucumber.step_definitions.Hooks.getResultStatus(io.cucumber.java.Scenario)"}}],"keyword":"When "},{"result":{"error_message":"org.openqa.selenium.NoSuchElementException: no such element: Unable to locate element: {\"method\":\"xpath\",\"selector\":\"//h4[@class='oxd-text oxd-text--h4 orangehrm-module-under-development-heading']\"}\n  (Session info: chrome=107.0.5304.107)\nFor documentation on this error, please visit: https://www.seleniumhq.org/exceptions/no_such_element.html\nBuild info: version: '3.141.59', revision: 'e82be7d358', time: '2018-11-14T08:17:03'\nSystem info: host: 'DESKTOP-IMJ0REM', ip: '192.168.43.120', os.name: 'Windows 10', os.arch: 'amd64', os.version: '10.0', java.version: '11.0.17'\nDriver info: org.openqa.selenium.chrome.ChromeDriver\nCapabilities {acceptInsecureCerts: false, browserName: chrome, browserVersion: 107.0.5304.107, chrome: {chromedriverVersion: 107.0.5304.62 (1eec40d3a576..., userDataDir: C:\\Users\\WINDOW~1\\AppData\\L...}, goog:chromeOptions: {debuggerAddress: localhost:50698}, javascriptEnabled: true, networkConnectionEnabled: false, pageLoadStrategy: normal, platform: WINDOWS, platformName: WINDOWS, proxy: Proxy(), setWindowRect: true, strictFileInteractability: false, timeouts: {implicit: 0, pageLoad: 300000, script: 30000}, unhandledPromptBehavior: dismiss and notify, webauthn:extension:credBlob: true, webauthn:extension:largeBlob: true, webauthn:virtualAuthenticators: true}\nSession ID: 94c7044fc3ca7d57a8a3e1bb141138ec\n*** Element info: {Using=xpath, value=//h4[@class='oxd-text oxd-text--h4 orangehrm-module-under-development-heading']}\r\n\tat java.base/jdk.internal.reflect.NativeConstructorAccessorImpl.newInstance0(Native Method)\r\n\tat java.base/jdk.internal.reflect.NativeConstructorAccessorImpl.newInstance(NativeConstructorAccessorImpl.java:62)\r\n\tat java.base/jdk.internal.reflect.DelegatingConstructorAccessorImpl.newInstance(DelegatingConstructorAccessorImpl.java:45)\r\n\tat java.base/java.lang.reflect.Constructor.newInstance(Constructor.java:490)\r\n\tat org.openqa.selenium.remote.http.W3CHttpResponseCodec.createException(W3CHttpResponseCodec.java:187)\r\n\tat org.openqa.selenium.remote.http.W3CHttpResponseCodec.decode(W3CHttpResponseCodec.java:122)\r\n\tat org.openqa.selenium.remote.http.W3CHttpResponseCodec.decode(W3CHttpResponseCodec.java:49)\r\n\tat org.openqa.selenium.remote.HttpCommandExecutor.execute(HttpCommandExecutor.java:158)\r\n\tat org.openqa.selenium.remote.service.DriverCommandExecutor.execute(DriverCommandExecutor.java:83)\r\n\tat org.openqa.selenium.remote.RemoteWebDriver.execute(RemoteWebDriver.java:552)\r\n\tat org.openqa.selenium.remote.RemoteWebDriver.findElement(RemoteWebDriver.java:323)\r\n\tat org.openqa.selenium.remote.RemoteWebDriver.findElementByXPath(RemoteWebDriver.java:428)\r\n\tat org.openqa.selenium.By$ByXPath.findElement(By.java:353)\r\n\tat org.openqa.selenium.remote.RemoteWebDriver.findElement(RemoteWebDriver.java:315)\r\n\tat org.openqa.selenium.support.pagefactory.DefaultElementLocator.findElement(DefaultElementLocator.java:69)\r\n\tat org.openqa.selenium.support.pagefactory.internal.LocatingElementHandler.invoke(LocatingElementHandler.java:38)\r\n\tat com.sun.proxy.$Proxy25.getText(Unknown Source)\r\n\tat juara.coding.drivers.pages.Dashboard.getTxtDashboard(Dashboard.java:29)\r\n\tat com.juaracoding.cucumber.step_definitions.TestDashboard.user_on_menu_dashboard(TestDashboard.java:30)\r\n\tat ✽.User on menu Dashboard(file:///C:/Users/Windows%2010/IdeaProjects/BramantyoPostTest24/src/main/resources/features/02.Dashboard.feature:5)\r\n","duration":10056723900,"status":"failed"},"line":5,"name":"User on menu Dashboard","match":{"location":"com.juaracoding.cucumber.step_definitions.TestDashboard.user_on_menu_dashboard()"},"after":[{"result":{"duration":170526900,"status":"passed"},"match":{"location":"com.juaracoding.cucumber.step_definitions.Hooks.getResultStatus(io.cucumber.java.Scenario)"}}],"keyword":"Then "}]}],"name":"Dashboard User","description":"","id":"dashboard-user","keyword":"Feature","uri":"file:src/main/resources/features/02.Dashboard.feature","tags":[]}]